# JRE version: Java(TM) SE Runtime Environment (17.0.9+11) (build 17.0.9+11-LTS-201)
# Java VM: Java HotSpot(TM) 64-Bit Server VM (17.0.9+11-LTS-201, mixed mode, sharing, tiered, compressed oops, compressed class ptrs, g1 gc, windows-amd64)
GC Precious Log:
 CPUs: 12 total, 12 available
 Memory: 7501M
 Large Page Support: Disabled
 NUMA Support: Disabled
 Compressed Oops: Enabled (32-bit)
 Heap Region Size: 1M
 Heap Min Capacity: 8M
 Heap Initial Capacity: 118M
 Heap Max Capacity: 1876M
 Pre-touch: Disabled
 Parallel Workers: 10
 Concurrent Workers: 3
 Concurrent Refinement Workers: 10
 Periodic GC: Disabled
Heap:
 garbage-first heap   total 69632K, used 33209K [0x000000008ac00000, 0x0000000100000000)
  region size 1024K, 10 young (10240K), 2 survivors (2048K)
 Metaspace       used 61268K, committed 61888K, reserved 1114112K
  class space    used 8677K, committed 8960K, reserved 1048576K
GC Heap History (20 events):
Event: 4.320 GC heap before
{Heap before GC invocations=2 (full 0):
 garbage-first heap   total 120832K, used 50561K [0x000000008ac00000, 0x0000000100000000)
  region size 1024K, 44 young (45056K), 3 survivors (3072K)
 Metaspace       used 21206K, committed 21504K, reserved 1114112K
  class space    used 2735K, committed 2880K, reserved 1048576K
}
Event: 4.333 GC heap after
{Heap after GC invocations=3 (full 0):
 garbage-first heap   total 120832K, used 14076K [0x000000008ac00000, 0x0000000100000000)
  region size 1024K, 6 young (6144K), 6 survivors (6144K)
 Metaspace       used 21206K, committed 21504K, reserved 1114112K
  class space    used 2735K, committed 2880K, reserved 1048576K
}
Event: 5.348 GC heap before
{Heap before GC invocations=4 (full 0):
 garbage-first heap   total 51200K, used 38652K [0x000000008ac00000, 0x0000000100000000)
  region size 1024K, 30 young (30720K), 6 survivors (6144K)
 Metaspace       used 24604K, committed 24960K, reserved 1114112K
  class space    used 3198K, committed 3392K, reserved 1048576K
}
Event: 5.361 GC heap after
{Heap after GC invocations=5 (full 0):
 garbage-first heap   total 51200K, used 15934K [0x000000008ac00000, 0x0000000100000000)
  region size 1024K, 3 young (3072K), 3 survivors (3072K)
 Metaspace       used 24604K, committed 24960K, reserved 1114112K
  class space    used 3198K, committed 3392K, reserved 1048576K
}
Event: 5.425 GC heap before
{Heap before GC invocations=5 (full 0):
 garbage-first heap   total 51200K, used 16958K [0x000000008ac00000, 0x0000000100000000)
  region size 1024K, 4 young (4096K), 3 survivors (3072K)
 Metaspace       used 24762K, committed 25152K, reserved 1114112K
  class space    used 3228K, committed 3456K, reserved 1048576K
}
Event: 5.433 GC heap after
{Heap after GC invocations=6 (full 0):
 garbage-first heap   total 51200K, used 16269K [0x000000008ac00000, 0x0000000100000000)
  region size 1024K, 1 young (1024K), 1 survivors (1024K)
 Metaspace       used 24762K, committed 25152K, reserved 1114112K
  class space    used 3228K, committed 3456K, reserved 1048576K
}
Event: 6.436 GC heap before
{Heap before GC invocations=6 (full 0):
 garbage-first heap   total 51200K, used 34701K [0x000000008ac00000, 0x0000000100000000)
  region size 1024K, 20 young (20480K), 1 survivors (1024K)
 Metaspace       used 28530K, committed 28928K, reserved 1114112K
  class space    used 3744K, committed 3904K, reserved 1048576K
}
Event: 6.447 GC heap after
{Heap after GC invocations=7 (full 0):
 garbage-first heap   total 51200K, used 17783K [0x000000008ac00000, 0x0000000100000000)
  region size 1024K, 2 young (2048K), 2 survivors (2048K)
 Metaspace       used 28530K, committed 28928K, reserved 1114112K
  class space    used 3744K, committed 3904K, reserved 1048576K
}
Event: 7.618 GC heap before
{Heap before GC invocations=7 (full 0):
 garbage-first heap   total 51200K, used 37239K [0x000000008ac00000, 0x0000000100000000)
  region size 1024K, 21 young (21504K), 2 survivors (2048K)
 Metaspace       used 32804K, committed 33280K, reserved 1114112K
  class space    used 4315K, committed 4544K, reserved 1048576K
}
Event: 7.625 GC heap after
{Heap after GC invocations=8 (full 0):
 garbage-first heap   total 69632K, used 19826K [0x000000008ac00000, 0x0000000100000000)
  region size 1024K, 3 young (3072K), 3 survivors (3072K)
 Metaspace       used 32804K, committed 33280K, reserved 1114112K
  class space    used 4315K, committed 4544K, reserved 1048576K
}
Event: 8.169 GC heap before
{Heap before GC invocations=8 (full 0):
 garbage-first heap   total 69632K, used 31090K [0x000000008ac00000, 0x0000000100000000)
  region size 1024K, 15 young (15360K), 3 survivors (3072K)
 Metaspace       used 35521K, committed 35968K, reserved 1114112K
  class space    used 4646K, committed 4864K, reserved 1048576K
}
Event: 8.174 GC heap after
{Heap after GC invocations=9 (full 0):
 garbage-first heap   total 69632K, used 20519K [0x000000008ac00000, 0x0000000100000000)
  region size 1024K, 3 young (3072K), 3 survivors (3072K)
 Metaspace       used 35521K, committed 35968K, reserved 1114112K
  class space    used 4646K, committed 4864K, reserved 1048576K
}
Event: 9.556 GC heap before
{Heap before GC invocations=10 (full 0):
 garbage-first heap   total 69632K, used 50215K [0x000000008ac00000, 0x0000000100000000)
  region size 1024K, 32 young (32768K), 3 survivors (3072K)
 Metaspace       used 41830K, committed 42304K, reserved 1114112K
  class space    used 5848K, committed 6080K, reserved 1048576K
}
Event: 9.562 GC heap after
{Heap after GC invocations=11 (full 0):
 garbage-first heap   total 69632K, used 22575K [0x000000008ac00000, 0x0000000100000000)
  region size 1024K, 3 young (3072K), 3 survivors (3072K)
 Metaspace       used 41830K, committed 42304K, reserved 1114112K
  class space    used 5848K, committed 6080K, reserved 1048576K
}
Event: 11.211 GC heap before
{Heap before GC invocations=11 (full 0):
 garbage-first heap   total 69632K, used 51247K [0x000000008ac00000, 0x0000000100000000)
  region size 1024K, 31 young (31744K), 3 survivors (3072K)
 Metaspace       used 49376K, committed 49920K, reserved 1114112K
  class space    used 6765K, committed 7040K, reserved 1048576K
}
Event: 11.217 GC heap after
{Heap after GC invocations=12 (full 0):
 garbage-first heap   total 69632K, used 24265K [0x000000008ac00000, 0x0000000100000000)
  region size 1024K, 4 young (4096K), 4 survivors (4096K)
 Metaspace       used 49376K, committed 49920K, reserved 1114112K
  class space    used 6765K, committed 7040K, reserved 1048576K
}
Event: 12.684 GC heap before
{Heap before GC invocations=12 (full 0):
 garbage-first heap   total 69632K, used 52937K [0x000000008ac00000, 0x0000000100000000)
  region size 1024K, 32 young (32768K), 4 survivors (4096K)
 Metaspace       used 57330K, committed 57856K, reserved 1114112K
  class space    used 8009K, committed 8256K, reserved 1048576K
}
Event: 12.690 GC heap after
{Heap after GC invocations=13 (full 0):
 garbage-first heap   total 69632K, used 25573K [0x000000008ac00000, 0x0000000100000000)
  region size 1024K, 4 young (4096K), 4 survivors (4096K)
 Metaspace       used 57330K, committed 57856K, reserved 1114112K
  class space    used 8009K, committed 8256K, reserved 1048576K
}
Event: 13.169 GC heap before
{Heap before GC invocations=13 (full 0):
 garbage-first heap   total 69632K, used 34789K [0x000000008ac00000, 0x0000000100000000)
  region size 1024K, 14 young (14336K), 4 survivors (4096K)
 Metaspace       used 59639K, committed 60096K, reserved 1114112K
  class space    used 8335K, committed 8576K, reserved 1048576K
}
Event: 13.174 GC heap after
{Heap after GC invocations=14 (full 0):
 garbage-first heap   total 69632K, used 26041K [0x000000008ac00000, 0x0000000100000000)
  region size 1024K, 2 young (2048K), 2 survivors (2048K)
 Metaspace       used 59639K, committed 60096K, reserved 1114112K
  class space    used 8335K, committed 8576K, reserved 1048576K
}

